\BOOKMARK [1][-]{section.1}{\376\377\000I\000n\000t\000r\000o\000d\000u\000c\000c\000i\000\363\000n}{}% 1
\BOOKMARK [2][-]{subsection.1.1}{\376\377\000C\000o\000n\000t\000e\000x\000t\000o\000\040\000d\000e\000l\000\040\000P\000r\000o\000b\000l\000e\000m\000a}{section.1}% 2
\BOOKMARK [2][-]{subsection.1.2}{\376\377\000O\000b\000j\000e\000t\000i\000v\000o\000\040\000G\000e\000n\000e\000r\000a\000l}{section.1}% 3
\BOOKMARK [2][-]{subsection.1.3}{\376\377\000O\000b\000j\000e\000t\000i\000v\000o\000s\000\040\000E\000s\000p\000e\000c\000\355\000f\000i\000c\000o\000s}{section.1}% 4
\BOOKMARK [1][-]{section.2}{\376\377\000M\000a\000r\000c\000o\000\040\000T\000e\000\363\000r\000i\000c\000o}{}% 5
\BOOKMARK [2][-]{subsection.2.1}{\376\377\000C\000o\000n\000c\000e\000p\000t\000o\000s\000\040\000B\000\341\000s\000i\000c\000o\000s\000\040\000d\000e\000\040\000M\000a\000c\000h\000i\000n\000e\000\040\000L\000e\000a\000r\000n\000i\000n\000g\000\040\000p\000a\000r\000a\000\040\000C\000l\000a\000s\000i\000f\000i\000c\000a\000c\000i\000\363\000n}{section.2}% 6
\BOOKMARK [3][-]{subsubsection.2.1.1}{\376\377\000A\000p\000r\000e\000n\000d\000i\000z\000a\000j\000e\000\040\000A\000u\000t\000o\000m\000\341\000t\000i\000c\000o}{subsection.2.1}% 7
\BOOKMARK [3][-]{subsubsection.2.1.2}{\376\377\000T\000a\000r\000e\000a\000\040\000d\000e\000\040\000C\000l\000a\000s\000i\000f\000i\000c\000a\000c\000i\000\363\000n}{subsection.2.1}% 8
\BOOKMARK [3][-]{subsubsection.2.1.3}{\376\377\000M\000\351\000t\000r\000i\000c\000a\000s\000\040\000d\000e\000\040\000E\000v\000a\000l\000u\000a\000c\000i\000\363\000n}{subsection.2.1}% 9
\BOOKMARK [3][-]{subsubsection.2.1.4}{\376\377\000G\000e\000n\000e\000r\000a\000l\000i\000z\000a\000c\000i\000\363\000n}{subsection.2.1}% 10
\BOOKMARK [2][-]{subsection.2.2}{\376\377\000P\000r\000o\000c\000e\000s\000a\000m\000i\000e\000n\000t\000o\000\040\000d\000e\000\040\000L\000e\000n\000g\000u\000a\000j\000e\000\040\000N\000a\000t\000u\000r\000a\000l\000\040\000\050\000N\000L\000P\000\051}{section.2}% 11
\BOOKMARK [3][-]{subsubsection.2.2.1}{\376\377\000D\000e\000s\000a\000f\000\355\000o\000s\000\040\000d\000e\000l\000\040\000L\000e\000n\000g\000u\000a\000j\000e\000\040\000N\000a\000t\000u\000r\000a\000l}{subsection.2.2}% 12
\BOOKMARK [3][-]{subsubsection.2.2.2}{\376\377\000E\000v\000o\000l\000u\000c\000i\000\363\000n\000\040\000d\000e\000\040\000P\000a\000r\000a\000d\000i\000g\000m\000a\000s\000\040\000e\000n\000\040\000l\000a\000\040\000C\000l\000a\000s\000i\000f\000i\000c\000a\000c\000i\000\363\000n\000\040\000d\000e\000\040\000T\000e\000x\000t\000o}{subsection.2.2}% 13
\BOOKMARK [2][-]{subsection.2.3}{\376\377\000D\000e\000e\000p\000\040\000L\000e\000a\000r\000n\000i\000n\000g\000\040\000y\000\040\000R\000e\000d\000e\000s\000\040\000N\000e\000u\000r\000o\000n\000a\000l\000e\000s\000\040\000P\000r\000o\000f\000u\000n\000d\000a\000s}{section.2}% 14
\BOOKMARK [3][-]{subsubsection.2.3.1}{\376\377\000R\000e\000d\000e\000s\000\040\000N\000e\000u\000r\000o\000n\000a\000l\000e\000s\000\040\000P\000r\000o\000f\000u\000n\000d\000a\000s\000\040\000\050\000D\000e\000e\000p\000\040\000F\000e\000e\000d\000f\000o\000r\000w\000a\000r\000d\000\040\000N\000e\000t\000w\000o\000r\000k\000s\000\051}{subsection.2.3}% 15
\BOOKMARK [3][-]{subsubsection.2.3.2}{\376\377\000D\000e\000s\000c\000e\000n\000s\000o\000\040\000p\000o\000r\000\040\000G\000r\000a\000d\000i\000e\000n\000t\000e\000\040\000E\000s\000t\000o\000c\000\341\000s\000t\000i\000c\000o\000\040\000y\000\040\000F\000u\000n\000c\000i\000\363\000n\000\040\000d\000e\000\040\000P\000\351\000r\000d\000i\000d\000a}{subsection.2.3}% 16
\BOOKMARK [3][-]{subsubsection.2.3.3}{\376\377\000L\000S\000T\000M\000\040\000\050\000L\000o\000n\000g\000\040\000S\000h\000o\000r\000t\000-\000T\000e\000r\000m\000\040\000M\000e\000m\000o\000r\000y\000\051}{subsection.2.3}% 17
\BOOKMARK [3][-]{subsubsection.2.3.4}{\376\377\000G\000R\000U\000\040\000\050\000G\000a\000t\000e\000d\000\040\000R\000e\000c\000u\000r\000r\000e\000n\000t\000\040\000U\000n\000i\000t\000\051}{subsection.2.3}% 18
\BOOKMARK [2][-]{subsection.2.4}{\376\377\000R\000e\000p\000r\000e\000s\000e\000n\000t\000a\000c\000i\000\363\000n\000\040\000d\000e\000l\000\040\000T\000e\000x\000t\000o\000:\000\040\000E\000m\000b\000e\000d\000d\000i\000n\000g\000s}{section.2}% 19
\BOOKMARK [3][-]{subsubsection.2.4.1}{\376\377\000D\000e\000\040\000l\000a\000\040\000R\000e\000p\000r\000e\000s\000e\000n\000t\000a\000c\000i\000\363\000n\000\040\000E\000s\000p\000a\000r\000s\000a\000\040\000a\000\040\000l\000o\000s\000\040\000E\000m\000b\000e\000d\000d\000i\000n\000g\000s\000\040\000D\000e\000n\000s\000o\000s}{subsection.2.4}% 20
\BOOKMARK [3][-]{subsubsection.2.4.2}{\376\377\000W\000o\000r\000d\0002\000V\000e\000c\000\040\000y\000\040\000F\000a\000s\000t\000T\000e\000x\000t}{subsection.2.4}% 21
\BOOKMARK [3][-]{subsubsection.2.4.3}{\376\377\000E\000m\000b\000e\000d\000d\000i\000n\000g\000s\000\040\000C\000o\000n\000t\000e\000x\000t\000u\000a\000l\000e\000s}{subsection.2.4}% 22
\BOOKMARK [2][-]{subsection.2.5}{\376\377\000A\000r\000q\000u\000i\000t\000e\000c\000t\000u\000r\000a\000\040\000T\000r\000a\000n\000s\000f\000o\000r\000m\000e\000r}{section.2}% 23
\BOOKMARK [3][-]{subsubsection.2.5.1}{\376\377\000T\000o\000k\000e\000n\000i\000z\000a\000c\000i\000\363\000n}{subsection.2.5}% 24
\BOOKMARK [3][-]{subsubsection.2.5.2}{\376\377\000E\000m\000b\000e\000d\000d\000i\000n\000g\000\040\000L\000o\000o\000k\000u\000p\000\040\000\050\000B\000\372\000s\000q\000u\000e\000d\000a\000\040\000d\000e\000\040\000E\000m\000b\000e\000d\000d\000i\000n\000g\000s\000\051}{subsection.2.5}% 25
\BOOKMARK [3][-]{subsubsection.2.5.3}{\376\377\000C\000o\000d\000i\000f\000i\000c\000a\000c\000i\000\363\000n\000\040\000P\000o\000s\000i\000c\000i\000o\000n\000a\000l\000\040\000\050\000P\000o\000s\000i\000t\000i\000o\000n\000a\000l\000\040\000E\000n\000c\000o\000d\000i\000n\000g\000\051}{subsection.2.5}% 26
\BOOKMARK [3][-]{subsubsection.2.5.4}{\376\377\000M\000e\000c\000a\000n\000i\000s\000m\000o\000\040\000d\000e\000\040\000A\000u\000t\000o\000a\000t\000e\000n\000c\000i\000\363\000n\000\040\000\050\000S\000e\000l\000f\000-\000A\000t\000t\000e\000n\000t\000i\000o\000n\000\051}{subsection.2.5}% 27
\BOOKMARK [3][-]{subsubsection.2.5.5}{\376\377\000A\000g\000r\000e\000g\000a\000c\000i\000\363\000n\000\040\000y\000\040\000P\000o\000o\000l\000i\000n\000g}{subsection.2.5}% 28
\BOOKMARK [3][-]{subsubsection.2.5.6}{\376\377\000R\000e\000d\000\040\000N\000e\000u\000r\000o\000n\000a\000l\000\040\000F\000e\000e\000d\000-\000F\000o\000r\000w\000a\000r\000d}{subsection.2.5}% 29
\BOOKMARK [2][-]{subsection.2.6}{\376\377\000M\000o\000d\000e\000l\000o\000s\000\040\000P\000r\000e\000-\000e\000n\000t\000r\000e\000n\000a\000d\000o\000s\000\040\000p\000a\000r\000a\000\040\000N\000L\000P}{section.2}% 30
\BOOKMARK [3][-]{subsubsection.2.6.1}{\376\377\000B\000E\000R\000T}{subsection.2.6}% 31
\BOOKMARK [3][-]{subsubsection.2.6.2}{\376\377\000B\000E\000T\000O\000:\000\040\000B\000E\000R\000T\000\040\000p\000a\000r\000a\000\040\000e\000l\000\040\000E\000s\000p\000a\000\361\000o\000l}{subsection.2.6}% 32
\BOOKMARK [3][-]{subsubsection.2.6.3}{\376\377\000G\000P\000T\000\040\000y\000\040\000E\000m\000b\000e\000d\000d\000i\000n\000g\000s\000\040\000d\000e\000\040\000O\000p\000e\000n\000A\000I}{subsection.2.6}% 33
\BOOKMARK [2][-]{subsection.2.7}{\376\377\000G\000r\000a\000n\000d\000e\000s\000\040\000M\000o\000d\000e\000l\000o\000s\000\040\000d\000e\000\040\000L\000e\000n\000g\000u\000a\000j\000e\000\040\000\050\000L\000L\000M\000\051}{section.2}% 34
\BOOKMARK [3][-]{subsubsection.2.7.1}{\376\377\000D\000e\000f\000i\000n\000i\000c\000i\000\363\000n\000\040\000y\000\040\000E\000s\000c\000a\000l\000a}{subsection.2.7}% 35
\BOOKMARK [3][-]{subsubsection.2.7.2}{\376\377\000P\000r\000e\000-\000e\000n\000t\000r\000e\000n\000a\000m\000i\000e\000n\000t\000o\000\040\000y\000\040\000F\000i\000n\000e\000-\000t\000u\000n\000i\000n\000g}{subsection.2.7}% 36
\BOOKMARK [3][-]{subsubsection.2.7.3}{\376\377\000E\000n\000c\000o\000d\000e\000r\000\040\000v\000s\000.\000\040\000D\000e\000c\000o\000d\000e\000r\000:\000\040\000R\000e\000l\000e\000v\000a\000n\000c\000i\000a\000\040\000p\000a\000r\000a\000\040\000C\000l\000a\000s\000i\000f\000i\000c\000a\000c\000i\000\363\000n}{subsection.2.7}% 37
\BOOKMARK [2][-]{subsection.2.8}{\376\377\000M\000\351\000t\000r\000i\000c\000a\000s\000\040\000d\000e\000\040\000E\000v\000a\000l\000u\000a\000c\000i\000\363\000n}{section.2}% 38
\BOOKMARK [2][-]{subsection.2.9}{\376\377\000T\000r\000a\000b\000a\000j\000o\000s\000\040\000R\000e\000l\000a\000c\000i\000o\000n\000a\000d\000o\000s}{section.2}% 39
\BOOKMARK [3][-]{subsubsection.2.9.1}{\376\377\000C\000l\000a\000s\000i\000f\000i\000c\000a\000c\000i\000\363\000n\000\040\000d\000e\000\040\000t\000e\000x\000t\000o\000\040\000e\000n\000\040\000e\000-\000c\000o\000m\000m\000e\000r\000c\000e}{subsection.2.9}% 40
\BOOKMARK [3][-]{subsubsection.2.9.2}{\376\377\000C\000a\000t\000e\000g\000o\000r\000i\000z\000a\000c\000i\000\363\000n\000\040\000a\000u\000t\000o\000m\000\341\000t\000i\000c\000a\000\040\000d\000e\000\040\000p\000r\000o\000d\000u\000c\000t\000o\000s\000\040\000e\000n\000\040\000e\000-\000c\000o\000m\000m\000e\000r\000c\000e}{subsection.2.9}% 41
\BOOKMARK [3][-]{subsubsection.2.9.3}{\376\377\000C\000l\000a\000s\000i\000f\000i\000c\000a\000c\000i\000\363\000n\000\040\000m\000u\000l\000t\000i\000c\000l\000a\000s\000e\000\040\000d\000e\000\040\000t\000e\000x\000t\000o\000\040\000a\000\040\000g\000r\000a\000n\000\040\000e\000s\000c\000a\000l\000a}{subsection.2.9}% 42
\BOOKMARK [3][-]{subsubsection.2.9.4}{\376\377\000B\000e\000n\000c\000h\000m\000a\000r\000k\000s\000\040\000c\000o\000m\000p\000a\000r\000a\000t\000i\000v\000o\000s\000\040\000d\000e\000\040\000m\000o\000d\000e\000l\000o\000s\000\040\000d\000e\000\040\000N\000L\000P}{subsection.2.9}% 43
\BOOKMARK [1][-]{section.3}{\376\377\000M\000e\000t\000o\000d\000o\000l\000o\000g\000\355\000a\000\040\000e\000\040\000I\000m\000p\000l\000e\000m\000e\000n\000t\000a\000c\000i\000\363\000n}{}% 44
\BOOKMARK [2][-]{subsection.3.1}{\376\377\000E\000n\000t\000o\000r\000n\000o\000\040\000d\000e\000\040\000E\000x\000p\000e\000r\000i\000m\000e\000n\000t\000a\000c\000i\000\363\000n}{section.3}% 45
\BOOKMARK [2][-]{subsection.3.2}{\376\377\000D\000a\000t\000a\000s\000e\000t}{section.3}% 46
\BOOKMARK [2][-]{subsection.3.3}{\376\377\000P\000r\000e\000p\000r\000o\000c\000e\000s\000a\000m\000i\000e\000n\000t\000o}{section.3}% 47
\BOOKMARK [2][-]{subsection.3.4}{\376\377\000D\000e\000s\000c\000r\000i\000p\000c\000i\000\363\000n\000\040\000d\000e\000\040\000l\000o\000s\000\040\000M\000o\000d\000e\000l\000o\000s\000\040\000E\000v\000a\000l\000u\000a\000d\000o\000s}{section.3}% 48
\BOOKMARK [3][-]{subsubsection.3.4.1}{\376\377\000C\000r\000i\000t\000e\000r\000i\000o\000s\000\040\000d\000e\000\040\000S\000e\000l\000e\000c\000c\000i\000\363\000n\000\040\000y\000\040\000M\000a\000r\000c\000o\000\040\000C\000o\000m\000\372\000n}{subsection.3.4}% 49
\BOOKMARK [3][-]{subsubsection.3.4.2}{\376\377\000R\000e\000s\000u\000m\000e\000n\000\040\000C\000o\000m\000p\000a\000r\000a\000t\000i\000v\000o\000\040\000d\000e\000\040\000E\000n\000f\000o\000q\000u\000e\000s}{subsection.3.4}% 50
\BOOKMARK [2][-]{subsection.3.5}{\376\377\000M\000o\000d\000e\000l\000o\000\040\0001\000\040\040\024\000\040\000C\000l\000a\000s\000i\000f\000i\000c\000a\000c\000i\000\363\000n\000\040\000p\000o\000r\000\040\000P\000r\000o\000m\000p\000t\000i\000n\000g\000\040\000c\000o\000n\000\040\000G\000P\000T\000\040\000\050\000O\000p\000e\000n\000A\000I\000\051}{section.3}% 51
\BOOKMARK [3][-]{subsubsection.3.5.1}{\376\377\000D\000e\000s\000c\000r\000i\000p\000c\000i\000\363\000n\000\040\000d\000e\000l\000\040\000E\000n\000f\000o\000q\000u\000e}{subsection.3.5}% 52
\BOOKMARK [3][-]{subsubsection.3.5.2}{\376\377\000P\000r\000e\000p\000a\000r\000a\000c\000i\000\363\000n\000\040\000d\000e\000l\000\040\000D\000a\000t\000a\000s\000e\000t}{subsection.3.5}% 53
\BOOKMARK [3][-]{subsubsection.3.5.3}{\376\377\000P\000l\000a\000t\000a\000f\000o\000r\000m\000a\000s\000\040\000d\000e\000\040\000I\000n\000f\000e\000r\000e\000n\000c\000i\000a\000:\000\040\000O\000p\000e\000n\000A\000I\000\040\000A\000P\000I\000\040\000y\000\040\000G\000r\000o\000q}{subsection.3.5}% 54
\BOOKMARK [3][-]{subsubsection.3.5.4}{\376\377\000M\000o\000d\000e\000l\000o\000s\000\040\000E\000v\000a\000l\000u\000a\000d\000o\000s}{subsection.3.5}% 55
\BOOKMARK [3][-]{subsubsection.3.5.5}{\376\377\000R\000e\000s\000u\000l\000t\000a\000d\000o\000s}{subsection.3.5}% 56
\BOOKMARK [3][-]{subsubsection.3.5.6}{\376\377\000A\000n\000\341\000l\000i\000s\000i\000s\000\040\000d\000e\000\040\000V\000i\000a\000b\000i\000l\000i\000d\000a\000d\000\040\000E\000c\000o\000n\000\363\000m\000i\000c\000a}{subsection.3.5}% 57
\BOOKMARK [2][-]{subsection.3.6}{\376\377\000M\000o\000d\000e\000l\000o\000\040\0002\000\040\040\024\000\040\000B\000E\000T\000O}{section.3}% 58
\BOOKMARK [3][-]{subsubsection.3.6.1}{\376\377\000C\000o\000n\000f\000i\000g\000u\000r\000a\000c\000i\000\363\000n\000\040\000d\000e\000l\000\040\000E\000n\000t\000r\000e\000n\000a\000m\000i\000e\000n\000t\000o}{subsection.3.6}% 59
\BOOKMARK [3][-]{subsubsection.3.6.2}{\376\377\000D\000e\000p\000e\000n\000d\000e\000n\000c\000i\000a\000\040\000d\000e\000\040\000A\000c\000c\000e\000l\000e\000r\000a\000t\000e}{subsection.3.6}% 60
\BOOKMARK [3][-]{subsubsection.3.6.3}{\376\377\000P\000r\000e\000p\000a\000r\000a\000c\000i\000\363\000n\000\040\000d\000e\000l\000\040\000D\000a\000t\000a\000s\000e\000t}{subsection.3.6}% 61
\BOOKMARK [3][-]{subsubsection.3.6.4}{\376\377\000R\000e\000q\000u\000i\000s\000i\000t\000o\000s\000\040\000d\000e\000\040\000S\000o\000f\000t\000w\000a\000r\000e}{subsection.3.6}% 62
\BOOKMARK [3][-]{subsubsection.3.6.5}{\376\377\000V\000a\000l\000i\000d\000a\000c\000i\000\363\000n\000\040\000d\000e\000\040\000E\000x\000t\000r\000a\000p\000o\000l\000a\000b\000i\000l\000i\000d\000a\000d\000\040\000d\000e\000\040\000R\000e\000s\000u\000l\000t\000a\000d\000o\000s}{subsection.3.6}% 63
\BOOKMARK [2][-]{subsection.3.7}{\376\377\000M\000o\000d\000e\000l\000o\000\040\0003\000\040\040\024\000\040\000O\000p\000e\000n\000A\000I\000\040\000E\000m\000b\000e\000d\000d\000i\000n\000g\000s\000\040\000\050\000t\000e\000x\000t\000-\000e\000m\000b\000e\000d\000d\000i\000n\000g\000-\0003\000-\000s\000m\000a\000l\000l\000\051}{section.3}% 64
\BOOKMARK [3][-]{subsubsection.3.7.1}{\376\377\000M\000e\000t\000o\000d\000o\000l\000o\000g\000\355\000a\000\040\000d\000e\000l\000\040\000E\000m\000b\000e\000d\000d\000i\000n\000g}{subsection.3.7}% 65
\BOOKMARK [3][-]{subsubsection.3.7.2}{\376\377\000D\000e\000s\000c\000r\000i\000p\000c\000i\000\363\000n\000\040\000d\000e\000\040\000l\000a\000\040\000S\000o\000l\000u\000c\000i\000\363\000n}{subsection.3.7}% 66
\BOOKMARK [3][-]{subsubsection.3.7.3}{\376\377\000E\000n\000s\000a\000y\000o\000\040\0001\000\040\000\050\0000\0003\000\137\000t\000p\000\137\000f\000i\000n\000a\000l\000\137\000e\000m\000b\000e\000d\000d\000i\000n\000g\000.\000i\000p\000y\000n\000b\000\051}{subsection.3.7}% 67
\BOOKMARK [3][-]{subsubsection.3.7.4}{\376\377\000E\000n\000s\000a\000y\000o\000\040\0002\000\040\000\050\0000\0003\000\137\000t\000p\000\137\000f\000i\000n\000a\000l\000\137\000e\000m\000b\000e\000d\000d\000i\000n\000g\000\137\0002\000.\000i\000p\000y\000n\000b\000\051}{subsection.3.7}% 68
\BOOKMARK [3][-]{subsubsection.3.7.5}{\376\377\000B\000a\000t\000c\000h\000\040\000A\000P\000I}{subsection.3.7}% 69
\BOOKMARK [2][-]{subsection.3.8}{\376\377\000M\000o\000d\000e\000l\000o\000\040\0004\000\040\040\024\000\040\000F\000a\000s\000t\000T\000e\000x\000t\000\040\000c\000o\000n\000\040\000R\000e\000d\000\040\000N\000e\000u\000r\000o\000n\000a\000l}{section.3}% 70
\BOOKMARK [2][-]{subsection.3.9}{\376\377\000S\000o\000l\000u\000c\000i\000\363\000n\000\040\000O\000r\000i\000g\000i\000n\000a\000l\000\040\000d\000e\000l\000\040\000M\000e\000l\000i\000\040\000C\000h\000a\000l\000l\000e\000n\000g\000e\000\040\0002\0000\0001\0009}{section.3}% 71
\BOOKMARK [3][-]{subsubsection.3.9.1}{\376\377\000L\000i\000m\000i\000t\000a\000c\000i\000o\000n\000e\000s\000\040\000d\000e\000\040\000R\000e\000p\000r\000o\000d\000u\000c\000i\000b\000i\000l\000i\000d\000a\000d}{subsection.3.9}% 72
\BOOKMARK [3][-]{subsubsection.3.9.2}{\376\377\000W\000o\000r\000k\000a\000r\000o\000u\000n\000d\000s\000\040\000I\000m\000p\000l\000e\000m\000e\000n\000t\000a\000d\000o\000s}{subsection.3.9}% 73
\BOOKMARK [2][-]{subsection.3.10}{\376\377\000L\000i\000m\000i\000t\000a\000c\000i\000o\000n\000e\000s\000\040\000d\000e\000l\000\040\000E\000s\000t\000u\000d\000i\000o}{section.3}% 74
\BOOKMARK [2][-]{subsection.3.11}{\376\377\000R\000e\000s\000u\000l\000t\000a\000d\000o\000s}{section.3}% 75
\BOOKMARK [3][-]{subsubsection.3.11.1}{\376\377\000M\000\351\000t\000r\000i\000c\000a\000s\000\040\000d\000e\000\040\000E\000v\000a\000l\000u\000a\000c\000i\000\363\000n}{subsection.3.11}% 76
\BOOKMARK [3][-]{subsubsection.3.11.2}{\376\377\000A\000n\000\341\000l\000i\000s\000i\000s\000\040\000C\000o\000m\000p\000a\000r\000a\000t\000i\000v\000o}{subsection.3.11}% 77
\BOOKMARK [1][-]{section.4}{\376\377\000D\000i\000s\000c\000u\000s\000i\000\363\000n}{}% 78
\BOOKMARK [1][-]{section.5}{\376\377\000C\000o\000n\000c\000l\000u\000s\000i\000o\000n\000e\000s\000\040\000y\000\040\000T\000r\000a\000b\000a\000j\000o\000\040\000F\000u\000t\000u\000r\000o}{}% 79
\BOOKMARK [2][-]{subsection.5.1}{\376\377\000C\000o\000n\000c\000l\000u\000s\000i\000o\000n\000e\000s}{section.5}% 80
\BOOKMARK [2][-]{subsection.5.2}{\376\377\000T\000r\000a\000b\000a\000j\000o\000\040\000F\000u\000t\000u\000r\000o}{section.5}% 81
\BOOKMARK [1][-]{section.6}{\376\377\000R\000e\000f\000e\000r\000e\000n\000c\000i\000a\000s}{}% 82
\BOOKMARK [1][-]{appendix.Alph1}{\376\377\000C\000\363\000d\000i\000g\000o\000\040\000y\000\040\000R\000e\000p\000o\000s\000i\000t\000o\000r\000i\000o}{}% 83
